<?xml version="1.0" encoding="UTF-8"?>
<!-- Generated by org.testng.reporters.JUnitReportReporter -->
<testsuite skipped="0" hostname="LAPTOP-97ILU3PC" name="testng.SigninTestScripts" tests="1" failures="0" timestamp="2023-01-03T12:41:43 CST" time="0.050" errors="0">
  <testcase name="verifyCredentialswithcorrectCredentials" time="0.050" classname="testng.SigninTestScripts"/>
  <system-out/>
</testsuite> <!-- testng.SigninTestScripts -->
